<?xml version="1.0" encoding="UTF-8"?>
<!-- Generated by org.testng.reporters.JUnitXMLReporter -->
<testsuite ignored="0" hostname="DESKTOP-CCGKBQ7" failures="1" tests="6" name="Test" time="72.862" errors="0" timestamp="2024-12-29T11:47:01 IST">
  <testcase classname="com.zeninbox.authentication.TestLoginPage" name="verifyLoginInWithValidInput" time="19.902"/>
  <testcase classname="com.zeninbox.authentication.TestLoginPage" name="verifyLoginWithInvalidEmail" time="4.615"/>
  <testcase classname="com.zeninbox.authentication.TestLoginPage" name="verifyLoginWithInvalidPassword" time="5.461"/>
  <testcase classname="com.zeninbox.authentication.TestLoginPage" name="verifyLoginWithLeadingAndTrailingSpacesInEmail" time="10.672"/>
  <testcase classname="com.zeninbox.authentication.TestLoginPage" name="verifyLoginWithLeadingAndTrailingSpacesInPassword" time="22.985">
    <failure type="java.lang.AssertionError" message="Failed to trim leading and trailing spaces in Password. 
 
Expected condition failed: waiting for url to be &amp;quot;https://staging.zeninbox.ai/conversation/inbox&amp;quot;. Current url: &amp;quot;https://staging.zeninbox.ai/sign-in?redirect_url=https%3A%2F%2Flocalhost%3A8080%2Fconversation%2Finbox&amp;quot; (tried for 20 second(s) with 500 milliseconds interval)
Build info: version: &amp;apos;3.141.59&amp;apos;, revision: &amp;apos;e82be7d358&amp;apos;, time: &amp;apos;2018-11-14T08:17:03&amp;apos;
System info: host: &amp;apos;DESKTOP-CCGKBQ7&amp;apos;, ip: &amp;apos;172.20.10.8&amp;apos;, os.name: &amp;apos;Windows 10&amp;apos;, os.arch: &amp;apos;amd64&amp;apos;, os.version: &amp;apos;10.0&amp;apos;, java.version: &amp;apos;17.0.10&amp;apos;
Driver info: org.openqa.selenium.chrome.ChromeDriver
Capabilities {acceptInsecureCerts: false, browserName: chrome, browserVersion: 131.0.6778.205, chrome: {chromedriverVersion: 131.0.6778.204 (52183f9e99a..., userDataDir: C:\Users\admin\AppData\Loca...}, fedcm:accounts: true, goog:chromeOptions: {debuggerAddress: localhost:64763}, javascriptEnabled: true, networkConnectionEnabled: false, pageLoadStrategy: normal, platform: WINDOWS, platformName: WINDOWS, proxy: Proxy(), setWindowRect: true, strictFileInteractability: false, timeouts: {implicit: 0, pageLoad: 300000, script: 30000}, unhandledPromptBehavior: dismiss and notify, webauthn:extension:credBlob: true, webauthn:extension:largeBlob: true, webauthn:extension:minPinLength: true, webauthn:extension:prf: true, webauthn:virtualAuthenticators: true}
Session ID: fe466069112344a13dcad4695dd0a4af">
      <![CDATA[java.lang.AssertionError: Failed to trim leading and trailing spaces in Password. 
 
Expected condition failed: waiting for url to be "https://staging.zeninbox.ai/conversation/inbox". Current url: "https://staging.zeninbox.ai/sign-in?redirect_url=https%3A%2F%2Flocalhost%3A8080%2Fconversation%2Finbox" (tried for 20 second(s) with 500 milliseconds interval)
Build info: version: '3.141.59', revision: 'e82be7d358', time: '2018-11-14T08:17:03'
System info: host: 'DESKTOP-CCGKBQ7', ip: '172.20.10.8', os.name: 'Windows 10', os.arch: 'amd64', os.version: '10.0', java.version: '17.0.10'
Driver info: org.openqa.selenium.chrome.ChromeDriver
Capabilities {acceptInsecureCerts: false, browserName: chrome, browserVersion: 131.0.6778.205, chrome: {chromedriverVersion: 131.0.6778.204 (52183f9e99a..., userDataDir: C:\Users\admin\AppData\Loca...}, fedcm:accounts: true, goog:chromeOptions: {debuggerAddress: localhost:64763}, javascriptEnabled: true, networkConnectionEnabled: false, pageLoadStrategy: normal, platform: WINDOWS, platformName: WINDOWS, proxy: Proxy(), setWindowRect: true, strictFileInteractability: false, timeouts: {implicit: 0, pageLoad: 300000, script: 30000}, unhandledPromptBehavior: dismiss and notify, webauthn:extension:credBlob: true, webauthn:extension:largeBlob: true, webauthn:extension:minPinLength: true, webauthn:extension:prf: true, webauthn:virtualAuthenticators: true}
Session ID: fe466069112344a13dcad4695dd0a4af
at com.zeninbox.authentication.TestLoginPage.verifyLoginWithLeadingAndTrailingSpacesInPassword(TestLoginPage.java:82)
at java.base/java.util.ArrayList.forEach(ArrayList.java:1511)
... Removed 28 stack frames]]>
    </failure>
  </testcase> <!-- verifyLoginWithLeadingAndTrailingSpacesInPassword -->
  <testcase classname="com.zeninbox.authentication.TestLoginPage" name="verifyLoginButtonShuldBeDisableBeforeEnteringTheText" time="2.503"/>
</testsuite> <!-- Test -->
